
> frontend@0.1.0 dev
> next dev

⚠ Warning: Next.js inferred your workspace root, but it may not be correct.
 We detected multiple lockfiles and selected the directory of /Users/soochulkim/package-lock.json as the root directory.
 To silence this warning, set `turbopack.root` in your Next.js config, or consider removing one of the lockfiles if it's not needed.
   See https://nextjs.org/docs/app/api-reference/config/next-config-js/turbopack#root-directory for more information.
 Detected additional lockfiles: 
   * /Users/soochulkim/분양알파고/frontend/package-lock.json

▲ Next.js 16.1.6 (Turbopack)
- Local:         http://localhost:3000
- Network:       http://192.168.219.249:3000

✓ Starting...
✓ Ready in 3.2s
○ Compiling / ...
 GET / 200 in 4.0s (compile: 3.8s, render: 204ms)
[next-auth][warn][NEXTAUTH_URL] 
https://next-auth.js.org/warnings#nextauth_url
[next-auth][warn][NO_SECRET] 
https://next-auth.js.org/warnings#no_secret
 GET /api/auth/session 200 in 1747ms (compile: 1730ms, render: 17ms)
✓ Compiled in 889ms
 GET / 200 in 448ms (compile: 187ms, render: 261ms)
 GET /api/auth/session 200 in 31ms (compile: 14ms, render: 17ms)
 GET / 200 in 61ms (compile: 15ms, render: 46ms)
 GET /api/auth/session 200 in 20ms (compile: 5ms, render: 15ms)
 GET / 200 in 883ms (compile: 362ms, render: 521ms)
 GET / 200 in 380ms (compile: 15ms, render: 366ms)
 GET / 200 in 392ms (compile: 9ms, render: 384ms)
 GET / 200 in 216ms (compile: 27ms, render: 189ms)
 GET /api/auth/session 200 in 73ms (compile: 47ms, render: 26ms)
 GET /api/auth/session 200 in 41ms (compile: 9ms, render: 33ms)
 GET / 200 in 67ms (compile: 15ms, render: 51ms)
 GET /api/auth/session 200 in 34ms (compile: 11ms, render: 23ms)
 GET / 200 in 403ms (compile: 196ms, render: 208ms)
 GET /api/auth/session 200 in 62ms (compile: 29ms, render: 34ms)
 GET / 200 in 312ms (compile: 125ms, render: 188ms)
 GET /api/auth/session 200 in 26ms (compile: 6ms, render: 20ms)
 GET / 200 in 433ms (compile: 170ms, render: 263ms)
 GET /api/auth/session 200 in 27ms (compile: 13ms, render: 15ms)
 GET / 200 in 135ms (compile: 41ms, render: 94ms)
 GET /api/auth/session 200 in 58ms (compile: 23ms, render: 35ms)
 GET / 200 in 50ms (compile: 11ms, render: 39ms)
 GET /api/auth/session 200 in 15ms (compile: 5ms, render: 9ms)
✓ Compiled in 2.8s
 GET / 200 in 2.2s (compile: 1071ms, render: 1128ms)
 GET / 200 in 133ms (compile: 18ms, render: 115ms)
 GET /api/auth/session 200 in 621ms (compile: 368ms, render: 253ms)
 GET /api/auth/session 200 in 83ms (compile: 22ms, render: 61ms)
 GET /api/auth/session 200 in 78ms (compile: 9ms, render: 69ms)
 GET /api/auth/session 200 in 55ms (compile: 18ms, render: 37ms)
 GET /api/auth/session 200 in 40ms (compile: 20ms, render: 20ms)
 GET /api/auth/session 200 in 19ms (compile: 6ms, render: 13ms)
 GET / 200 in 425ms (compile: 219ms, render: 206ms)
 GET /api/auth/session 200 in 165ms (compile: 65ms, render: 100ms)
 GET / 200 in 772ms (compile: 345ms, render: 427ms)
 GET /api/auth/session 200 in 95ms (compile: 48ms, render: 47ms)
✓ Compiled in 2.2s
✓ Compiled in 3.1s
✓ Compiled in 1420ms
✓ Compiled in 548ms
